{
  "RSpec": {
    "coverage": {
      "/Users/jared/Projects/DevPoint-Labs/week05/controller_testing/config/environment.rb": [
        null,
        1,
        null,
        null,
        1
      ],
      "/Users/jared/Projects/DevPoint-Labs/week05/controller_testing/config/application.rb": [
        1,
        null,
        1,
        null,
        1,
        1,
        1,
        1,
        1,
        1,
        1,
        1,
        null,
        null,
        null,
        null,
        1,
        null,
        1,
        1,
        null,
        1,
        null,
        null,
        null,
        null,
        null,
        null,
        1,
        null,
        null
      ],
      "/Users/jared/Projects/DevPoint-Labs/week05/controller_testing/config/boot.rb": [
        1,
        null,
        1
      ],
      "/Users/jared/Projects/DevPoint-Labs/week05/controller_testing/config/environments/test.rb": [
        1,
        null,
        null,
        null,
        null,
        null,
        null,
        1,
        null,
        null,
        null,
        null,
        1,
        null,
        null,
        1,
        1,
        null,
        null,
        null,
        null,
        1,
        1,
        null,
        null,
        1,
        null,
        null,
        1,
        1,
        null,
        null,
        null,
        null,
        1,
        null,
        null,
        1,
        null,
        null,
        null,
        null
      ],
      "/Users/jared/Projects/DevPoint-Labs/week05/controller_testing/config/initializers/application_controller_renderer.rb": [
        null,
        null,
        null,
        null,
        null,
        null,
        null,
        null
      ],
      "/Users/jared/Projects/DevPoint-Labs/week05/controller_testing/config/initializers/assets.rb": [
        null,
        null,
        null,
        1,
        null,
        null,
        null,
        null,
        1,
        null,
        null,
        null,
        null,
        null
      ],
      "/Users/jared/Projects/DevPoint-Labs/week05/controller_testing/config/initializers/backtrace_silencers.rb": [
        null,
        null,
        null,
        null,
        null,
        null,
        null
      ],
      "/Users/jared/Projects/DevPoint-Labs/week05/controller_testing/config/initializers/cookies_serializer.rb": [
        null,
        null,
        null,
        null,
        1
      ],
      "/Users/jared/Projects/DevPoint-Labs/week05/controller_testing/config/initializers/devise.rb": [
        null,
        null,
        1,
        null,
        null,
        null,
        null,
        null,
        null,
        null,
        null,
        null,
        null,
        null,
        1,
        null,
        null,
        null,
        null,
        null,
        null,
        null,
        null,
        null,
        null,
        null,
        1,
        null,
        null,
        null,
        null,
        null,
        null,
        null,
        null,
        null,
        null,
        null,
        null,
        null,
        null,
        null,
        null,
        null,
        null,
        null,
        null,
        null,
        1,
        null,
        null,
        null,
        null,
        1,
        null,
        null,
        null,
        null,
        null,
        null,
        null,
        null,
        null,
        null,
        null,
        null,
        null,
        null,
        null,
        null,
        null,
        null,
        null,
        null,
        null,
        null,
        null,
        null,
        null,
        null,
        null,
        null,
        null,
        null,
        1,
        null,
        null,
        null,
        null,
        null,
        null,
        null,
        null,
        null,
        null,
        null,
        null,
        null,
        null,
        null,
        null,
        null,
        null,
        null,
        null,
        null,
        null,
        1,
        null,
        null,
        null,
        null,
        null,
        null,
        null,
        null,
        null,
        null,
        null,
        null,
        null,
        null,
        null,
        null,
        null,
        null,
        null,
        null,
        null,
        null,
        null,
        null,
        null,
        null,
        null,
        null,
        null,
        null,
        1,
        null,
        null,
        null,
        null,
        null,
        null,
        null,
        null,
        null,
        1,
        null,
        null,
        null,
        null,
        null,
        null,
        null,
        null,
        null,
        null,
        1,
        null,
        null,
        null,
        null,
        1,
        null,
        null,
        null,
        null,
        null,
        null,
        null,
        null,
        null,
        null,
        null,
        null,
        null,
        null,
        null,
        null,
        null,
        null,
        null,
        null,
        null,
        null,
        null,
        null,
        null,
        null,
        null,
        null,
        null,
        null,
        null,
        null,
        null,
        null,
        null,
        null,
        null,
        null,
        null,
        null,
        1,
        null,
        null,
        null,
        null,
        null,
        null,
        null,
        null,
        null,
        null,
        null,
        null,
        null,
        null,
        null,
        null,
        null,
        null,
        null,
        null,
        null,
        null,
        null,
        null,
        null,
        null,
        null,
        null,
        null,
        null,
        null,
        null,
        null,
        null,
        null,
        null,
        null,
        null,
        null,
        null,
        null,
        1,
        null,
        null,
        null,
        null,
        null,
        null,
        null,
        null,
        null,
        null,
        null,
        null,
        null,
        null,
        null,
        null,
        null,
        null,
        null,
        null,
        null,
        null,
        null,
        null,
        null,
        null,
        null,
        null,
        null
      ],
      "/Users/jared/Projects/DevPoint-Labs/week05/controller_testing/config/initializers/filter_parameter_logging.rb": [
        null,
        null,
        null,
        1
      ],
      "/Users/jared/Projects/DevPoint-Labs/week05/controller_testing/config/initializers/inflections.rb": [
        null,
        null,
        null,
        null,
        null,
        null,
        null,
        null,
        null,
        null,
        null,
        null,
        null,
        null,
        null,
        null
      ],
      "/Users/jared/Projects/DevPoint-Labs/week05/controller_testing/config/initializers/mime_types.rb": [
        null,
        null,
        null,
        null
      ],
      "/Users/jared/Projects/DevPoint-Labs/week05/controller_testing/config/initializers/wrap_parameters.rb": [
        null,
        null,
        null,
        null,
        null,
        null,
        1,
        1,
        null,
        null,
        null,
        null,
        null,
        null
      ],
      "/Users/jared/Projects/DevPoint-Labs/week05/controller_testing/spec/factories/bank_accounts.rb": [
        1,
        1,
        1,
        null,
        1,
        1,
        null,
        null,
        1,
        null,
        null
      ],
      "/Users/jared/Projects/DevPoint-Labs/week05/controller_testing/spec/factories/users.rb": [
        1,
        1,
        8,
        null,
        null,
        1,
        1,
        1,
        1,
        1,
        1,
        1,
        null,
        null
      ],
      "/Users/jared/Projects/DevPoint-Labs/week05/controller_testing/config/routes.rb": [
        1,
        1,
        1,
        1,
        null
      ],
      "/Users/jared/Projects/DevPoint-Labs/week05/controller_testing/app/models/user.rb": [
        1,
        null,
        null,
        1,
        null,
        null,
        1,
        1,
        1,
        1,
        null,
        null,
        1,
        0,
        null,
        null,
        null,
        null,
        null,
        null,
        null,
        1,
        0,
        null,
        null
      ],
      "/Users/jared/Projects/DevPoint-Labs/week05/controller_testing/app/models/application_record.rb": [
        1,
        1,
        null
      ],
      "/Users/jared/Projects/DevPoint-Labs/week05/controller_testing/app/helpers/application_helper.rb": [
        1,
        null
      ],
      "/Users/jared/Projects/DevPoint-Labs/week05/controller_testing/spec/support/controller_macros.rb": [
        1,
        1,
        1,
        8,
        8,
        8,
        null,
        null,
        null
      ],
      "/Users/jared/Projects/DevPoint-Labs/week05/controller_testing/app/controllers/bank_accounts_controller.rb": [
        1,
        1,
        null,
        null,
        1,
        1,
        null,
        null,
        null,
        1,
        null,
        null,
        null,
        1,
        1,
        null,
        null,
        null,
        1,
        null,
        null,
        null,
        1,
        1,
        null,
        1,
        1,
        null,
        0,
        null,
        null,
        null,
        null,
        1,
        2,
        1,
        null,
        1,
        null,
        null,
        null,
        null,
        1,
        0,
        0,
        null,
        null,
        1,
        null,
        1,
        4,
        null,
        null,
        null,
        1,
        null,
        3,
        null,
        null
      ],
      "/Users/jared/Projects/DevPoint-Labs/week05/controller_testing/app/controllers/application_controller.rb": [
        1,
        1,
        1,
        null
      ],
      "/Users/jared/Projects/DevPoint-Labs/week05/controller_testing/app/models/bank_account.rb": [
        1,
        null,
        1,
        null,
        null,
        null,
        1,
        null,
        null,
        1,
        null,
        null,
        1,
        1,
        null,
        1,
        1,
        6,
        null,
        null,
        1,
        1,
        0,
        null,
        null,
        null
      ]
    },
    "timestamp": 1505333440
  }
}
